<?xml version="1.0" encoding="UTF-8"?>
<!-- Generated by org.testng.reporters.JUnitReportReporter -->
<testsuite hostname="MPRJ-102353" name="automationFramework.MultiBrowser" tests="2" failures="0" timestamp="22 Aug 2017 18:12:22 GMT" time="7.390" errors="0">
  <testcase name="login" time="4.251" classname="automationFramework.MultiBrowser"/>
  <testcase name="login" time="3.139" classname="automationFramework.MultiBrowser"/>
</testsuite> <!-- automationFramework.MultiBrowser -->
